<?xml version="1.0" encoding="UTF-8"?>
<!-- Generated by org.testng.reporters.JUnitReportReporter -->
<testsuite hostname="AAGAM-SHAH" failures="0" tests="5" name="TestNGnop.VerificationofnopcomTestNg" time="0.002" errors="1" timestamp="2023-02-13T16:04:06 IST" skipped="4">
  <testcase classname="TestNGnop.VerificationofnopcomTestNg" name="beforeclass" time="0.002">
    <error message="&#039;void org.openqa.selenium.support.PageFactory.initElements(org.openqa.selenium.WebDriver, java.lang.Object)&#039;" type="java.lang.NoSuchMethodError">
      <![CDATA[java.lang.NoSuchMethodError: 'void org.openqa.selenium.support.PageFactory.initElements(org.openqa.selenium.WebDriver, java.lang.Object)'
at Pomclassnopcom.homepagetestclass.<init>(homepagetestclass.java:33)
at TestNGnop.VerificationofnopcomTestNg.beforeclass(VerificationofnopcomTestNg.java:58)
at java.base/jdk.internal.reflect.NativeMethodAccessorImpl.invoke0(Native Method)
at java.base/jdk.internal.reflect.NativeMethodAccessorImpl.invoke(NativeMethodAccessorImpl.java:77)
at java.base/jdk.internal.reflect.DelegatingMethodAccessorImpl.invoke(DelegatingMethodAccessorImpl.java:43)
at java.base/java.lang.reflect.Method.invoke(Method.java:568)
at org.testng.internal.MethodInvocationHelper.invokeMethod(MethodInvocationHelper.java:133)
at org.testng.internal.MethodInvocationHelper.invokeMethodConsideringTimeout(MethodInvocationHelper.java:62)
at org.testng.internal.ConfigInvoker.invokeConfigurationMethod(ConfigInvoker.java:385)
at org.testng.internal.ConfigInvoker.invokeConfigurations(ConfigInvoker.java:321)
at org.testng.internal.TestMethodWorker.invokeBeforeClassMethods(TestMethodWorker.java:176)
at org.testng.internal.TestMethodWorker.run(TestMethodWorker.java:122)
at java.base/java.util.concurrent.ThreadPoolExecutor.runWorker(ThreadPoolExecutor.java:1136)
at java.base/java.util.concurrent.ThreadPoolExecutor$Worker.run(ThreadPoolExecutor.java:635)
at java.base/java.lang.Thread.run(Thread.java:833)
]]>
    </error>
  </testcase> <!-- beforeclass -->
  <system-out/>
  <testcase classname="TestNGnop.VerificationofnopcomTestNg" name="testregistration" time="0.000">
    <skipped/>
  </testcase> <!-- testregistration -->
  <system-out/>
  <testcase classname="TestNGnop.VerificationofnopcomTestNg" name="testregistration" time="0.000">
    <skipped/>
  </testcase> <!-- testregistration -->
  <system-out/>
  <testcase classname="TestNGnop.VerificationofnopcomTestNg" name="testlogin" time="0.000">
    <skipped/>
  </testcase> <!-- testlogin -->
  <system-out/>
  <testcase classname="TestNGnop.VerificationofnopcomTestNg" name="testlogin" time="0.000">
    <skipped/>
  </testcase> <!-- testlogin -->
  <system-out/>
</testsuite> <!-- TestNGnop.VerificationofnopcomTestNg -->
